<?xml version="1.0" encoding="UTF-8"?>
<!-- Generated by org.testng.reporters.JUnitXMLReporter -->
<testsuite hostname="ATMECSINLT-738" ignored="0" name="Default test" tests="3" failures="0" timestamp="2019-09-10T16:15:10 IST" time="15.613" errors="0">
  <testcase name="testcase" time="4.864" classname="com.qa.automation.falconUI.testscript.Sampletestng"/>
  <testcase name="Register" time="4.342" classname="com.qa.automation.falconUI.testscript.Sampletestng"/>
  <testcase name="Interactions" time="0.531" classname="com.qa.automation.falconUI.testscript.Sampletestng"/>
</testsuite> <!-- Default test -->
