<?xml version="1.0" encoding="UTF-8"?>
<testng-results skipped="0" failed="0" ignored="0" total="3" passed="3">
  <reporter-output>
  </reporter-output>
  <suite name="Suite" duration-ms="15117" started-at="2019-09-11T11:19:27 IST" finished-at="2019-09-11T11:19:42 IST">
    <groups>
    </groups>
    <test name="Test" duration-ms="15117" started-at="2019-09-11T11:19:27 IST" finished-at="2019-09-11T11:19:42 IST">
      <class name="com.qa.automation.falconUI.testscript.Sampletestng">
        <test-method status="PASS" signature="beforetest()[pri:0, instance:com.qa.automation.falconUI.testscript.Sampletestng@49fc609f]" name="beforetest" is-config="true" duration-ms="3175" started-at="2019-09-11T11:19:27 IST" finished-at="2019-09-11T11:19:30 IST">
          <reporter-output>
          </reporter-output>
        </test-method> <!-- beforetest -->
        <test-method status="PASS" signature="testcase()[pri:1, instance:com.qa.automation.falconUI.testscript.Sampletestng@49fc609f]" name="testcase" duration-ms="4497" started-at="2019-09-11T11:19:30 IST" finished-at="2019-09-11T11:19:34 IST">
          <reporter-output>
          </reporter-output>
        </test-method> <!-- testcase -->
        <test-method status="PASS" signature="Register()[pri:2, instance:com.qa.automation.falconUI.testscript.Sampletestng@49fc609f]" name="Register" duration-ms="4039" started-at="2019-09-11T11:19:34 IST" finished-at="2019-09-11T11:19:38 IST">
          <reporter-output>
          </reporter-output>
        </test-method> <!-- Register -->
        <test-method status="PASS" signature="Interactions()[pri:3, instance:com.qa.automation.falconUI.testscript.Sampletestng@49fc609f]" name="Interactions" duration-ms="609" started-at="2019-09-11T11:19:38 IST" finished-at="2019-09-11T11:19:39 IST">
          <reporter-output>
          </reporter-output>
        </test-method> <!-- Interactions -->
        <test-method status="PASS" signature="aftertest()[pri:0, instance:com.qa.automation.falconUI.testscript.Sampletestng@49fc609f]" name="aftertest" is-config="true" duration-ms="2759" started-at="2019-09-11T11:19:39 IST" finished-at="2019-09-11T11:19:42 IST">
          <reporter-output>
          </reporter-output>
        </test-method> <!-- aftertest -->
      </class> <!-- com.qa.automation.falconUI.testscript.Sampletestng -->
    </test> <!-- Test -->
  </suite> <!-- Suite -->
</testng-results>
